2025-10-14 23:19:40 | INFO | Iniciando runner…
2025-10-14 23:19:56 | INFO | results.csv filas=217 | último=2025-10-15 02:00:00+00:00
2025-10-14 23:19:57 | INFO | [BTCUSDT] nuevas=1  rango=2025-10-15 03:00:00+00:00→2025-10-15 03:00:00+00:00
2025-10-14 23:19:58 | INFO | [ETHUSDT] nuevas=1  rango=2025-10-15 03:00:00+00:00→2025-10-15 03:00:00+00:00
2025-10-14 23:19:58 | INFO | [XRPUSDT] nuevas=1  rango=2025-10-15 03:00:00+00:00→2025-10-15 03:00:00+00:00
2025-10-14 23:19:58 | INFO | CSV actualizado: /home/mtumalan/Desktop/Repos/csvreader/data/results.csv | filas=218 | rango=2025-10-06 01:00:00+00:00→2025-10-15 03:00:00+00:00
2025-10-14 23:20:00 | INFO | Push a origin/main completado.
== Spot 1h fetch start @ 2025-10-15T05:19:40.599507+00:00 ==
[BTCUSDT] SPOT 1h …
[BTCUSDT] ✓ hasta 2025-10-15 04:00:00+00:00
[ETHUSDT] SPOT 1h …
[ETHUSDT] ✓ hasta 2025-10-15 04:00:00+00:00
[XRPUSDT] SPOT 1h …
[XRPUSDT] ✓ hasta 2025-10-15 04:00:00+00:00
== Spot 1h fetch end   @ 2025-10-15T05:19:45.781506+00:00 ==

=== RESULTADOS POR SÍMBOLO ===

[BTCUSDT]
  • /home/mtumalan/Desktop/Repos/MT/alquimiaBTC/third/data/preprocessed/BTCUSDT/X_1h.csv
  • /home/mtumalan/Desktop/Repos/MT/alquimiaBTC/third/data/preprocessed/BTCUSDT/y_color_1h.csv
  ── Distribución ──
  roja  (-1):   20478  ( 49.4 %)
  verde ( 1):   20961  ( 50.6 %)

[ETHUSDT]
  • /home/mtumalan/Desktop/Repos/MT/alquimiaBTC/third/data/preprocessed/ETHUSDT/X_1h.csv
  • /home/mtumalan/Desktop/Repos/MT/alquimiaBTC/third/data/preprocessed/ETHUSDT/y_color_1h.csv
  ── Distribución ──
  roja  (-1):   19804  ( 49.3 %)
  verde ( 1):   20366  ( 50.7 %)

[XRPUSDT]
  • /home/mtumalan/Desktop/Repos/MT/alquimiaBTC/third/data/preprocessed/XRPUSDT/X_1h.csv
  • /home/mtumalan/Desktop/Repos/MT/alquimiaBTC/third/data/preprocessed/XRPUSDT/y_color_1h.csv
  ── Distribución ──
  roja  (-1):   16607  ( 48.3 %)
  verde ( 1):   17810  ( 51.7 %)

=== RESUMEN GLOBAL ===
  Total filas: 116026
  roja  (-1):   56889  ( 49.0 %)
  verde ( 1):   59137  ( 51.0 %)
2025-10-15 00:05:01 | INFO | Iniciando runner…
2025-10-15 00:05:13 | INFO | results.csv filas=218 | último=2025-10-15 03:00:00+00:00
2025-10-15 00:05:14 | INFO | [BTCUSDT] nuevas=1  rango=2025-10-15 04:00:00+00:00→2025-10-15 04:00:00+00:00
2025-10-15 00:05:14 | INFO | [ETHUSDT] nuevas=1  rango=2025-10-15 04:00:00+00:00→2025-10-15 04:00:00+00:00
2025-10-15 00:05:14 | INFO | [XRPUSDT] nuevas=1  rango=2025-10-15 04:00:00+00:00→2025-10-15 04:00:00+00:00
2025-10-15 00:05:14 | INFO | CSV actualizado: /home/mtumalan/Desktop/Repos/csvreader/data/results.csv | filas=219 | rango=2025-10-06 01:00:00+00:00→2025-10-15 04:00:00+00:00
2025-10-15 00:05:14 | ERROR | Fallo fatal: Command '['git', 'config', 'user.name', 'auto-bot']' returned non-zero exit status 128.
Traceback (most recent call last):
  File "/home/mtumalan/Desktop/Repos/csvreader/runner.py", line 281, in git_commit_push
    git_run(["git","config","--get","user.name"], repo)
  File "/home/mtumalan/Desktop/Repos/csvreader/runner.py", line 276, in git_run
    return subprocess.run(args, cwd=str(cwd), text=True, capture_output=True, check=check)
           ^^^^^^^^^^^^^^^^^^^^^^^^^^^^^^^^^^^^^^^^^^^^^^^^^^^^^^^^^^^^^^^^^^^^^^^^^^^^^^^
  File "/usr/lib/python3.12/subprocess.py", line 571, in run
    raise CalledProcessError(retcode, process.args,
subprocess.CalledProcessError: Command '['git', 'config', '--get', 'user.name']' returned non-zero exit status 1.

During handling of the above exception, another exception occurred:

Traceback (most recent call last):
  File "/home/mtumalan/Desktop/Repos/csvreader/runner.py", line 345, in <module>
    sys.exit(main())
             ^^^^^^
  File "/home/mtumalan/Desktop/Repos/csvreader/runner.py", line 340, in main
    git_commit_push(PAGES_REPO_DIR, DEST_CSV_PATH)
  File "/home/mtumalan/Desktop/Repos/csvreader/runner.py", line 283, in git_commit_push
    git_run(["git","config","user.name","auto-bot"], repo)
  File "/home/mtumalan/Desktop/Repos/csvreader/runner.py", line 276, in git_run
    return subprocess.run(args, cwd=str(cwd), text=True, capture_output=True, check=check)
           ^^^^^^^^^^^^^^^^^^^^^^^^^^^^^^^^^^^^^^^^^^^^^^^^^^^^^^^^^^^^^^^^^^^^^^^^^^^^^^^
  File "/usr/lib/python3.12/subprocess.py", line 571, in run
    raise CalledProcessError(retcode, process.args,
subprocess.CalledProcessError: Command '['git', 'config', 'user.name', 'auto-bot']' returned non-zero exit status 128.
== Spot 1h fetch start @ 2025-10-15T06:05:01.871377+00:00 ==
[BTCUSDT] SPOT 1h …
[BTCUSDT] ✓ hasta 2025-10-15 05:00:00+00:00
[ETHUSDT] SPOT 1h …
[ETHUSDT] ✓ hasta 2025-10-15 05:00:00+00:00
[XRPUSDT] SPOT 1h …
[XRPUSDT] ✓ hasta 2025-10-15 05:00:00+00:00
== Spot 1h fetch end   @ 2025-10-15T06:05:05.735890+00:00 ==

=== RESULTADOS POR SÍMBOLO ===

[BTCUSDT]
  • /home/mtumalan/Desktop/Repos/MT/alquimiaBTC/third/data/preprocessed/BTCUSDT/X_1h.csv
  • /home/mtumalan/Desktop/Repos/MT/alquimiaBTC/third/data/preprocessed/BTCUSDT/y_color_1h.csv
  ── Distribución ──
  roja  (-1):   20478  ( 49.4 %)
  verde ( 1):   20962  ( 50.6 %)

[ETHUSDT]
  • /home/mtumalan/Desktop/Repos/MT/alquimiaBTC/third/data/preprocessed/ETHUSDT/X_1h.csv
  • /home/mtumalan/Desktop/Repos/MT/alquimiaBTC/third/data/preprocessed/ETHUSDT/y_color_1h.csv
  ── Distribución ──
  roja  (-1):   19805  ( 49.3 %)
  verde ( 1):   20366  ( 50.7 %)

[XRPUSDT]
  • /home/mtumalan/Desktop/Repos/MT/alquimiaBTC/third/data/preprocessed/XRPUSDT/X_1h.csv
  • /home/mtumalan/Desktop/Repos/MT/alquimiaBTC/third/data/preprocessed/XRPUSDT/y_color_1h.csv
  ── Distribución ──
  roja  (-1):   16607  ( 48.3 %)
  verde ( 1):   17811  ( 51.7 %)

=== RESUMEN GLOBAL ===
  Total filas: 116029
  roja  (-1):   56890  ( 49.0 %)
  verde ( 1):   59139  ( 51.0 %)
2025-10-15 00:12:01 | INFO | Iniciando runner…
2025-10-15 00:12:13 | INFO | results.csv filas=219 | último=2025-10-15 04:00:00+00:00
2025-10-15 00:12:14 | INFO | [BTCUSDT] 0 filas nuevas tras filtros.
2025-10-15 00:12:14 | INFO | [ETHUSDT] 0 filas nuevas tras filtros.
2025-10-15 00:12:14 | INFO | [XRPUSDT] 0 filas nuevas tras filtros.
2025-10-15 00:12:14 | INFO | No hay filas nuevas en ninguna moneda.
== Spot 1h fetch start @ 2025-10-15T06:12:01.383550+00:00 ==
[BTCUSDT] SPOT 1h …
[BTCUSDT] ✓ hasta 2025-10-15 05:00:00+00:00
[ETHUSDT] SPOT 1h …
[ETHUSDT] ✓ hasta 2025-10-15 05:00:00+00:00
[XRPUSDT] SPOT 1h …
[XRPUSDT] ✓ hasta 2025-10-15 05:00:00+00:00
== Spot 1h fetch end   @ 2025-10-15T06:12:05.418181+00:00 ==

=== RESULTADOS POR SÍMBOLO ===

[BTCUSDT]
  • /home/mtumalan/Desktop/Repos/MT/alquimiaBTC/third/data/preprocessed/BTCUSDT/X_1h.csv
  • /home/mtumalan/Desktop/Repos/MT/alquimiaBTC/third/data/preprocessed/BTCUSDT/y_color_1h.csv
  ── Distribución ──
  roja  (-1):   20478  ( 49.4 %)
  verde ( 1):   20962  ( 50.6 %)

[ETHUSDT]
  • /home/mtumalan/Desktop/Repos/MT/alquimiaBTC/third/data/preprocessed/ETHUSDT/X_1h.csv
  • /home/mtumalan/Desktop/Repos/MT/alquimiaBTC/third/data/preprocessed/ETHUSDT/y_color_1h.csv
  ── Distribución ──
  roja  (-1):   19805  ( 49.3 %)
  verde ( 1):   20366  ( 50.7 %)

[XRPUSDT]
  • /home/mtumalan/Desktop/Repos/MT/alquimiaBTC/third/data/preprocessed/XRPUSDT/X_1h.csv
  • /home/mtumalan/Desktop/Repos/MT/alquimiaBTC/third/data/preprocessed/XRPUSDT/y_color_1h.csv
  ── Distribución ──
  roja  (-1):   16607  ( 48.3 %)
  verde ( 1):   17811  ( 51.7 %)

=== RESUMEN GLOBAL ===
  Total filas: 116029
  roja  (-1):   56890  ( 49.0 %)
  verde ( 1):   59139  ( 51.0 %)
2025-10-15 00:15:02 | INFO | Iniciando runner…
2025-10-15 00:15:13 | INFO | results.csv filas=0 | último=—
2025-10-15 00:15:14 | INFO | [BTCUSDT] nuevas=219  rango=2025-10-06 01:00:00+00:00→2025-10-15 04:00:00+00:00
2025-10-15 00:15:14 | INFO | [ETHUSDT] nuevas=219  rango=2025-10-06 01:00:00+00:00→2025-10-15 04:00:00+00:00
2025-10-15 00:15:14 | INFO | [XRPUSDT] nuevas=219  rango=2025-10-06 01:00:00+00:00→2025-10-15 04:00:00+00:00
2025-10-15 00:15:14 | INFO | CSV actualizado: /home/mtumalan/Desktop/Repos/csvreader/data/results.csv | filas=219 | rango=2025-10-06 01:00:00+00:00→2025-10-15 04:00:00+00:00
2025-10-15 00:15:15 | INFO | Sin cambios para commit/push.
== Spot 1h fetch start @ 2025-10-15T06:15:02.218077+00:00 ==
[BTCUSDT] SPOT 1h …
[BTCUSDT] ✓ hasta 2025-10-15 05:00:00+00:00
[ETHUSDT] SPOT 1h …
[ETHUSDT] ✓ hasta 2025-10-15 05:00:00+00:00
[XRPUSDT] SPOT 1h …
[XRPUSDT] ✓ hasta 2025-10-15 05:00:00+00:00
== Spot 1h fetch end   @ 2025-10-15T06:15:06.075082+00:00 ==

=== RESULTADOS POR SÍMBOLO ===

[BTCUSDT]
  • /home/mtumalan/Desktop/Repos/MT/alquimiaBTC/third/data/preprocessed/BTCUSDT/X_1h.csv
  • /home/mtumalan/Desktop/Repos/MT/alquimiaBTC/third/data/preprocessed/BTCUSDT/y_color_1h.csv
  ── Distribución ──
  roja  (-1):   20478  ( 49.4 %)
  verde ( 1):   20962  ( 50.6 %)

[ETHUSDT]
  • /home/mtumalan/Desktop/Repos/MT/alquimiaBTC/third/data/preprocessed/ETHUSDT/X_1h.csv
  • /home/mtumalan/Desktop/Repos/MT/alquimiaBTC/third/data/preprocessed/ETHUSDT/y_color_1h.csv
  ── Distribución ──
  roja  (-1):   19805  ( 49.3 %)
  verde ( 1):   20366  ( 50.7 %)

[XRPUSDT]
  • /home/mtumalan/Desktop/Repos/MT/alquimiaBTC/third/data/preprocessed/XRPUSDT/X_1h.csv
  • /home/mtumalan/Desktop/Repos/MT/alquimiaBTC/third/data/preprocessed/XRPUSDT/y_color_1h.csv
  ── Distribución ──
  roja  (-1):   16607  ( 48.3 %)
  verde ( 1):   17811  ( 51.7 %)

=== RESUMEN GLOBAL ===
  Total filas: 116029
  roja  (-1):   56890  ( 49.0 %)
  verde ( 1):   59139  ( 51.0 %)
2025-10-15 00:17:01 | INFO | Iniciando runner…
2025-10-15 00:17:13 | INFO | results.csv filas=219 | último=2025-10-15 04:00:00+00:00
2025-10-15 00:17:13 | INFO | [BTCUSDT] 0 filas nuevas tras filtros.
2025-10-15 00:17:14 | INFO | [ETHUSDT] 0 filas nuevas tras filtros.
2025-10-15 00:17:14 | INFO | [XRPUSDT] 0 filas nuevas tras filtros.
2025-10-15 00:17:14 | INFO | No hay filas nuevas en ninguna moneda.
== Spot 1h fetch start @ 2025-10-15T06:17:01.437987+00:00 ==
[BTCUSDT] SPOT 1h …
[BTCUSDT] ✓ hasta 2025-10-15 05:00:00+00:00
[ETHUSDT] SPOT 1h …
[ETHUSDT] ✓ hasta 2025-10-15 05:00:00+00:00
[XRPUSDT] SPOT 1h …
[XRPUSDT] ✓ hasta 2025-10-15 05:00:00+00:00
== Spot 1h fetch end   @ 2025-10-15T06:17:05.555562+00:00 ==

=== RESULTADOS POR SÍMBOLO ===

[BTCUSDT]
  • /home/mtumalan/Desktop/Repos/MT/alquimiaBTC/third/data/preprocessed/BTCUSDT/X_1h.csv
  • /home/mtumalan/Desktop/Repos/MT/alquimiaBTC/third/data/preprocessed/BTCUSDT/y_color_1h.csv
  ── Distribución ──
  roja  (-1):   20478  ( 49.4 %)
  verde ( 1):   20962  ( 50.6 %)

[ETHUSDT]
  • /home/mtumalan/Desktop/Repos/MT/alquimiaBTC/third/data/preprocessed/ETHUSDT/X_1h.csv
  • /home/mtumalan/Desktop/Repos/MT/alquimiaBTC/third/data/preprocessed/ETHUSDT/y_color_1h.csv
  ── Distribución ──
  roja  (-1):   19805  ( 49.3 %)
  verde ( 1):   20366  ( 50.7 %)

[XRPUSDT]
  • /home/mtumalan/Desktop/Repos/MT/alquimiaBTC/third/data/preprocessed/XRPUSDT/X_1h.csv
  • /home/mtumalan/Desktop/Repos/MT/alquimiaBTC/third/data/preprocessed/XRPUSDT/y_color_1h.csv
  ── Distribución ──
  roja  (-1):   16607  ( 48.3 %)
  verde ( 1):   17811  ( 51.7 %)

=== RESUMEN GLOBAL ===
  Total filas: 116029
  roja  (-1):   56890  ( 49.0 %)
  verde ( 1):   59139  ( 51.0 %)
2025-10-15 00:19:02 | INFO | Iniciando runner…
2025-10-15 00:19:13 | INFO | results.csv filas=0 | último=—
2025-10-15 00:19:14 | INFO | [BTCUSDT] nuevas=219  rango=2025-10-06 01:00:00+00:00→2025-10-15 04:00:00+00:00
2025-10-15 00:19:14 | INFO | [ETHUSDT] nuevas=219  rango=2025-10-06 01:00:00+00:00→2025-10-15 04:00:00+00:00
2025-10-15 00:19:15 | INFO | [XRPUSDT] nuevas=219  rango=2025-10-06 01:00:00+00:00→2025-10-15 04:00:00+00:00
2025-10-15 00:19:15 | INFO | CSV actualizado: /home/mtumalan/Desktop/Repos/csvreader/data/results.csv | filas=219 | rango=2025-10-06 01:00:00+00:00→2025-10-15 04:00:00+00:00
2025-10-15 00:19:15 | ERROR | No hay remoto 'origin' configurado en /home/mtumalan/Desktop/Repos/csvreader. Configúralo y reintenta.
== Spot 1h fetch start @ 2025-10-15T06:19:02.015188+00:00 ==
[BTCUSDT] SPOT 1h …
[BTCUSDT] ✓ hasta 2025-10-15 05:00:00+00:00
[ETHUSDT] SPOT 1h …
[ETHUSDT] ✓ hasta 2025-10-15 05:00:00+00:00
[XRPUSDT] SPOT 1h …
[XRPUSDT] ✓ hasta 2025-10-15 05:00:00+00:00
== Spot 1h fetch end   @ 2025-10-15T06:19:05.937883+00:00 ==

=== RESULTADOS POR SÍMBOLO ===

[BTCUSDT]
  • /home/mtumalan/Desktop/Repos/MT/alquimiaBTC/third/data/preprocessed/BTCUSDT/X_1h.csv
  • /home/mtumalan/Desktop/Repos/MT/alquimiaBTC/third/data/preprocessed/BTCUSDT/y_color_1h.csv
  ── Distribución ──
  roja  (-1):   20478  ( 49.4 %)
  verde ( 1):   20962  ( 50.6 %)

[ETHUSDT]
  • /home/mtumalan/Desktop/Repos/MT/alquimiaBTC/third/data/preprocessed/ETHUSDT/X_1h.csv
  • /home/mtumalan/Desktop/Repos/MT/alquimiaBTC/third/data/preprocessed/ETHUSDT/y_color_1h.csv
  ── Distribución ──
  roja  (-1):   19805  ( 49.3 %)
  verde ( 1):   20366  ( 50.7 %)

[XRPUSDT]
  • /home/mtumalan/Desktop/Repos/MT/alquimiaBTC/third/data/preprocessed/XRPUSDT/X_1h.csv
  • /home/mtumalan/Desktop/Repos/MT/alquimiaBTC/third/data/preprocessed/XRPUSDT/y_color_1h.csv
  ── Distribución ──
  roja  (-1):   16607  ( 48.3 %)
  verde ( 1):   17811  ( 51.7 %)

=== RESUMEN GLOBAL ===
  Total filas: 116029
  roja  (-1):   56890  ( 49.0 %)
  verde ( 1):   59139  ( 51.0 %)
2025-10-15 00:28:01 | INFO | Iniciando runner…
2025-10-15 00:28:13 | INFO | results.csv filas=0 | último=—
2025-10-15 00:28:14 | INFO | [BTCUSDT] nuevas=219  rango=2025-10-06 01:00:00+00:00→2025-10-15 04:00:00+00:00
2025-10-15 00:28:14 | INFO | [ETHUSDT] nuevas=219  rango=2025-10-06 01:00:00+00:00→2025-10-15 04:00:00+00:00
2025-10-15 00:28:14 | INFO | [XRPUSDT] nuevas=219  rango=2025-10-06 01:00:00+00:00→2025-10-15 04:00:00+00:00
2025-10-15 00:28:14 | INFO | CSV actualizado: /home/mtumalan/Desktop/Repos/csvreader/data/results.csv | filas=219 | rango=2025-10-06 01:00:00+00:00→2025-10-15 04:00:00+00:00
2025-10-15 00:28:14 | ERROR | No hay remoto 'origin' configurado en /home/mtumalan/Desktop/Repos/csvreader. Configúralo y reintenta.
== Spot 1h fetch start @ 2025-10-15T06:28:01.574377+00:00 ==
[BTCUSDT] SPOT 1h …
[BTCUSDT] ✓ hasta 2025-10-15 05:00:00+00:00
[ETHUSDT] SPOT 1h …
[ETHUSDT] ✓ hasta 2025-10-15 05:00:00+00:00
[XRPUSDT] SPOT 1h …
[XRPUSDT] ✓ hasta 2025-10-15 05:00:00+00:00
== Spot 1h fetch end   @ 2025-10-15T06:28:05.625092+00:00 ==

=== RESULTADOS POR SÍMBOLO ===

[BTCUSDT]
  • /home/mtumalan/Desktop/Repos/MT/alquimiaBTC/third/data/preprocessed/BTCUSDT/X_1h.csv
  • /home/mtumalan/Desktop/Repos/MT/alquimiaBTC/third/data/preprocessed/BTCUSDT/y_color_1h.csv
  ── Distribución ──
  roja  (-1):   20478  ( 49.4 %)
  verde ( 1):   20962  ( 50.6 %)

[ETHUSDT]
  • /home/mtumalan/Desktop/Repos/MT/alquimiaBTC/third/data/preprocessed/ETHUSDT/X_1h.csv
  • /home/mtumalan/Desktop/Repos/MT/alquimiaBTC/third/data/preprocessed/ETHUSDT/y_color_1h.csv
  ── Distribución ──
  roja  (-1):   19805  ( 49.3 %)
  verde ( 1):   20366  ( 50.7 %)

[XRPUSDT]
  • /home/mtumalan/Desktop/Repos/MT/alquimiaBTC/third/data/preprocessed/XRPUSDT/X_1h.csv
  • /home/mtumalan/Desktop/Repos/MT/alquimiaBTC/third/data/preprocessed/XRPUSDT/y_color_1h.csv
  ── Distribución ──
  roja  (-1):   16607  ( 48.3 %)
  verde ( 1):   17811  ( 51.7 %)

=== RESUMEN GLOBAL ===
  Total filas: 116029
  roja  (-1):   56890  ( 49.0 %)
  verde ( 1):   59139  ( 51.0 %)
2026-01-25 12:20:01 | INFO | Iniciando runner…
/home/mtumalan/Desktop/Repos/csvreader/runner.py:104: FutureWarning: errors='ignore' is deprecated and will raise in a future version. Use to_numeric without passing `errors` and catch exceptions explicitly instead
  df[c] = pd.to_numeric(df[c], errors="ignore")
2026-01-25 12:20:10 | INFO | results.csv filas=3496 | último=2026-01-25 12:00:00+00:00
2026-01-25 12:20:11 | INFO | [BTCUSDT] 0 filas nuevas tras filtros.
2026-01-25 12:20:11 | INFO | [XRPUSDT] 0 filas nuevas tras filtros.
2026-01-25 12:20:12 | INFO | [ETHUSDT] 0 filas nuevas tras filtros.
2026-01-25 12:20:12 | INFO | No hay filas nuevas en ninguna moneda.

=== RESULTADOS POR SÍMBOLO ===

[BTCUSDT]
  • /home/mtumalan/Desktop/Repos/MT/alquimiaBTC/third/data/preprocessed/BTCUSDT/X_1h.csv
  • /home/mtumalan/Desktop/Repos/MT/alquimiaBTC/third/data/preprocessed/BTCUSDT/y_color_1h.csv
  ── Distribución ──
  roja  (-1):   21479  ( 49.4 %)
  verde ( 1):   21957  ( 50.6 %)

[ETHUSDT]
  • /home/mtumalan/Desktop/Repos/MT/alquimiaBTC/third/data/preprocessed/ETHUSDT/X_1h.csv
  • /home/mtumalan/Desktop/Repos/MT/alquimiaBTC/third/data/preprocessed/ETHUSDT/y_color_1h.csv
  ── Distribución ──
  roja  (-1):   21429  ( 49.3 %)
  verde ( 1):   22007  ( 50.7 %)

[XRPUSDT]
  • /home/mtumalan/Desktop/Repos/MT/alquimiaBTC/third/data/preprocessed/XRPUSDT/X_1h.csv
  • /home/mtumalan/Desktop/Repos/MT/alquimiaBTC/third/data/preprocessed/XRPUSDT/y_color_1h.csv
  ── Distribución ──
  roja  (-1):   19768  ( 48.4 %)
  verde ( 1):   21039  ( 51.6 %)

=== RESUMEN GLOBAL ===
  Total filas: 127679
  roja  (-1):   62676  ( 49.1 %)
  verde ( 1):   65003  ( 50.9 %)
2026-01-25 13:20:02 | INFO | Iniciando runner…
/home/mtumalan/Desktop/Repos/csvreader/runner.py:105: FutureWarning: errors='ignore' is deprecated and will raise in a future version. Use to_numeric without passing `errors` and catch exceptions explicitly instead
  df[c] = pd.to_numeric(df[c], errors="ignore")
2026-01-25 13:20:10 | INFO | results.csv filas=3496 | último=2026-01-25 12:00:00+00:00
2026-01-25 13:20:10 | INFO | [BTCUSDT] nuevas=3  rango=2026-01-25 13:00:00+00:00→2026-01-25 15:00:00+00:00
2026-01-25 13:20:11 | INFO | [XRPUSDT] nuevas=3  rango=2026-01-25 13:00:00+00:00→2026-01-25 15:00:00+00:00
2026-01-25 13:20:11 | INFO | [ETHUSDT] nuevas=3  rango=2026-01-25 13:00:00+00:00→2026-01-25 15:00:00+00:00
2026-01-25 13:20:11 | INFO | CSV actualizado: /home/mtumalan/Desktop/Repos/csvreader/data/results.csv | filas=3499 | rango=2025-09-01 01:00:00+00:00→2026-01-25 15:00:00+00:00
2026-01-25 13:20:11 | ERROR | No hay remoto 'origin' configurado en /home/mtumalan/Desktop/Repos/csvreader. Configúralo y reintenta.

=== RESULTADOS POR SÍMBOLO ===

[BTCUSDT]
  • /home/mtumalan/Desktop/Repos/MT/alquimiaBTC/third/data/preprocessed/BTCUSDT/X_1h.csv
  • /home/mtumalan/Desktop/Repos/MT/alquimiaBTC/third/data/preprocessed/BTCUSDT/y_color_1h.csv
  ── Distribución ──
  roja  (-1):   21482  ( 49.5 %)
  verde ( 1):   21957  ( 50.5 %)

[ETHUSDT]
  • /home/mtumalan/Desktop/Repos/MT/alquimiaBTC/third/data/preprocessed/ETHUSDT/X_1h.csv
  • /home/mtumalan/Desktop/Repos/MT/alquimiaBTC/third/data/preprocessed/ETHUSDT/y_color_1h.csv
  ── Distribución ──
  roja  (-1):   21432  ( 49.3 %)
  verde ( 1):   22007  ( 50.7 %)

[XRPUSDT]
  • /home/mtumalan/Desktop/Repos/MT/alquimiaBTC/third/data/preprocessed/XRPUSDT/X_1h.csv
  • /home/mtumalan/Desktop/Repos/MT/alquimiaBTC/third/data/preprocessed/XRPUSDT/y_color_1h.csv
  ── Distribución ──
  roja  (-1):   19770  ( 48.4 %)
  verde ( 1):   21040  ( 51.6 %)

=== RESUMEN GLOBAL ===
  Total filas: 127688
  roja  (-1):   62684  ( 49.1 %)
  verde ( 1):   65004  ( 50.9 %)
2026-01-25 14:20:02 | INFO | Iniciando runner…
/home/mtumalan/Desktop/Repos/csvreader/runner.py:105: FutureWarning: errors='ignore' is deprecated and will raise in a future version. Use to_numeric without passing `errors` and catch exceptions explicitly instead
  df[c] = pd.to_numeric(df[c], errors="ignore")
2026-01-25 14:20:10 | INFO | results.csv filas=3499 | último=2026-01-25 15:00:00+00:00
2026-01-25 14:20:11 | INFO | [BTCUSDT] nuevas=1  rango=2026-01-25 16:00:00+00:00→2026-01-25 16:00:00+00:00
2026-01-25 14:20:11 | INFO | [XRPUSDT] nuevas=1  rango=2026-01-25 16:00:00+00:00→2026-01-25 16:00:00+00:00
2026-01-25 14:20:12 | INFO | [ETHUSDT] nuevas=1  rango=2026-01-25 16:00:00+00:00→2026-01-25 16:00:00+00:00
2026-01-25 14:20:12 | INFO | CSV actualizado: /home/mtumalan/Desktop/Repos/csvreader/data/results.csv | filas=3500 | rango=2025-09-01 01:00:00+00:00→2026-01-25 16:00:00+00:00
2026-01-25 14:20:12 | ERROR | No es un repo Git: /home/mtumalan/Desktop/Repos/csvreader (no .git y rev-parse falló). Omito push.

=== RESULTADOS POR SÍMBOLO ===

[BTCUSDT]
  • /home/mtumalan/Desktop/Repos/MT/alquimiaBTC/third/data/preprocessed/BTCUSDT/X_1h.csv
  • /home/mtumalan/Desktop/Repos/MT/alquimiaBTC/third/data/preprocessed/BTCUSDT/y_color_1h.csv
  ── Distribución ──
  roja  (-1):   21483  ( 49.5 %)
  verde ( 1):   21957  ( 50.5 %)

[ETHUSDT]
  • /home/mtumalan/Desktop/Repos/MT/alquimiaBTC/third/data/preprocessed/ETHUSDT/X_1h.csv
  • /home/mtumalan/Desktop/Repos/MT/alquimiaBTC/third/data/preprocessed/ETHUSDT/y_color_1h.csv
  ── Distribución ──
  roja  (-1):   21433  ( 49.3 %)
  verde ( 1):   22007  ( 50.7 %)

[XRPUSDT]
  • /home/mtumalan/Desktop/Repos/MT/alquimiaBTC/third/data/preprocessed/XRPUSDT/X_1h.csv
  • /home/mtumalan/Desktop/Repos/MT/alquimiaBTC/third/data/preprocessed/XRPUSDT/y_color_1h.csv
  ── Distribución ──
  roja  (-1):   19771  ( 48.4 %)
  verde ( 1):   21040  ( 51.6 %)

=== RESUMEN GLOBAL ===
  Total filas: 127691
  roja  (-1):   62687  ( 49.1 %)
  verde ( 1):   65004  ( 50.9 %)
2026-01-25 15:20:02 | INFO | Iniciando runner…
2026-01-25 15:20:10 | INFO | results.csv filas=3502 | último=2026-01-25 18:00:00+00:00
2026-01-25 15:20:11 | INFO | [BTCUSDT] 0 filas nuevas tras filtros.
2026-01-25 15:20:11 | INFO | [XRPUSDT] 0 filas nuevas tras filtros.
2026-01-25 15:20:11 | INFO | [ETHUSDT] 0 filas nuevas tras filtros.
2026-01-25 15:20:11 | INFO | No hay filas nuevas en ninguna moneda.

=== RESULTADOS POR SÍMBOLO ===

[BTCUSDT]
  • /home/mtumalan/Desktop/Repos/MT/alquimiaBTC/third/data/preprocessed/BTCUSDT/X_1h.csv
  • /home/mtumalan/Desktop/Repos/MT/alquimiaBTC/third/data/preprocessed/BTCUSDT/y_color_1h.csv
  ── Distribución ──
  roja  (-1):   21484  ( 49.5 %)
  verde ( 1):   21957  ( 50.5 %)

[ETHUSDT]
  • /home/mtumalan/Desktop/Repos/MT/alquimiaBTC/third/data/preprocessed/ETHUSDT/X_1h.csv
  • /home/mtumalan/Desktop/Repos/MT/alquimiaBTC/third/data/preprocessed/ETHUSDT/y_color_1h.csv
  ── Distribución ──
  roja  (-1):   21434  ( 49.3 %)
  verde ( 1):   22007  ( 50.7 %)

[XRPUSDT]
  • /home/mtumalan/Desktop/Repos/MT/alquimiaBTC/third/data/preprocessed/XRPUSDT/X_1h.csv
  • /home/mtumalan/Desktop/Repos/MT/alquimiaBTC/third/data/preprocessed/XRPUSDT/y_color_1h.csv
  ── Distribución ──
  roja  (-1):   19772  ( 48.4 %)
  verde ( 1):   21040  ( 51.6 %)

=== RESUMEN GLOBAL ===
  Total filas: 127694
  roja  (-1):   62690  ( 49.1 %)
  verde ( 1):   65004  ( 50.9 %)
2026-01-25 16:03:01 | INFO | Iniciando runner…
2026-01-25 16:03:09 | INFO | results.csv filas=3502 | último=2026-01-25 18:00:00+00:00
2026-01-25 16:03:10 | INFO | [BTCUSDT] 0 filas nuevas tras filtros.
2026-01-25 16:03:10 | INFO | [XRPUSDT] 0 filas nuevas tras filtros.
2026-01-25 16:03:11 | INFO | [ETHUSDT] 0 filas nuevas tras filtros.
2026-01-25 16:03:11 | INFO | No hay filas nuevas en ninguna moneda.

=== RESULTADOS POR SÍMBOLO ===

[BTCUSDT]
  • /home/mtumalan/Desktop/Repos/MT/alquimiaBTC/third/data/preprocessed/BTCUSDT/X_1h.csv
  • /home/mtumalan/Desktop/Repos/MT/alquimiaBTC/third/data/preprocessed/BTCUSDT/y_color_1h.csv
  ── Distribución ──
  roja  (-1):   21485  ( 49.5 %)
  verde ( 1):   21957  ( 50.5 %)

[ETHUSDT]
  • /home/mtumalan/Desktop/Repos/MT/alquimiaBTC/third/data/preprocessed/ETHUSDT/X_1h.csv
  • /home/mtumalan/Desktop/Repos/MT/alquimiaBTC/third/data/preprocessed/ETHUSDT/y_color_1h.csv
  ── Distribución ──
  roja  (-1):   21435  ( 49.3 %)
  verde ( 1):   22007  ( 50.7 %)

[XRPUSDT]
  • /home/mtumalan/Desktop/Repos/MT/alquimiaBTC/third/data/preprocessed/XRPUSDT/X_1h.csv
  • /home/mtumalan/Desktop/Repos/MT/alquimiaBTC/third/data/preprocessed/XRPUSDT/y_color_1h.csv
  ── Distribución ──
  roja  (-1):   19773  ( 48.4 %)
  verde ( 1):   21040  ( 51.6 %)

=== RESUMEN GLOBAL ===
  Total filas: 127697
  roja  (-1):   62693  ( 49.1 %)
  verde ( 1):   65004  ( 50.9 %)
2026-01-25 16:12:01 | INFO | Iniciando runner…
2026-01-25 16:12:10 | INFO | results.csv filas=3501 | último=2026-01-25 17:00:00+00:00
2026-01-25 16:12:10 | INFO | [BTCUSDT] nuevas=1  rango=2026-01-25 18:00:00+00:00→2026-01-25 18:00:00+00:00
2026-01-25 16:12:11 | INFO | [XRPUSDT] nuevas=1  rango=2026-01-25 18:00:00+00:00→2026-01-25 18:00:00+00:00
2026-01-25 16:12:11 | INFO | [ETHUSDT] nuevas=1  rango=2026-01-25 18:00:00+00:00→2026-01-25 18:00:00+00:00
2026-01-25 16:12:11 | INFO | CSV actualizado: /home/mtumalan/Desktop/Repos/csvreader/data/results.csv | filas=3502 | rango=2025-09-01 01:00:00+00:00→2026-01-25 18:00:00+00:00
2026-01-25 16:12:11 | ERROR | No hay remoto 'origin' configurado en /home/mtumalan/Desktop/Repos/csvreader. Configúralo y reintenta.

=== RESULTADOS POR SÍMBOLO ===

[BTCUSDT]
  • /home/mtumalan/Desktop/Repos/MT/alquimiaBTC/third/data/preprocessed/BTCUSDT/X_1h.csv
  • /home/mtumalan/Desktop/Repos/MT/alquimiaBTC/third/data/preprocessed/BTCUSDT/y_color_1h.csv
  ── Distribución ──
  roja  (-1):   21485  ( 49.5 %)
  verde ( 1):   21957  ( 50.5 %)

[ETHUSDT]
  • /home/mtumalan/Desktop/Repos/MT/alquimiaBTC/third/data/preprocessed/ETHUSDT/X_1h.csv
  • /home/mtumalan/Desktop/Repos/MT/alquimiaBTC/third/data/preprocessed/ETHUSDT/y_color_1h.csv
  ── Distribución ──
  roja  (-1):   21435  ( 49.3 %)
  verde ( 1):   22007  ( 50.7 %)

[XRPUSDT]
  • /home/mtumalan/Desktop/Repos/MT/alquimiaBTC/third/data/preprocessed/XRPUSDT/X_1h.csv
  • /home/mtumalan/Desktop/Repos/MT/alquimiaBTC/third/data/preprocessed/XRPUSDT/y_color_1h.csv
  ── Distribución ──
  roja  (-1):   19773  ( 48.4 %)
  verde ( 1):   21040  ( 51.6 %)

=== RESUMEN GLOBAL ===
  Total filas: 127697
  roja  (-1):   62693  ( 49.1 %)
  verde ( 1):   65004  ( 50.9 %)
2026-01-25 16:16:02 | INFO | Iniciando runner…
2026-01-25 16:16:10 | INFO | results.csv filas=3501 | último=2026-01-25 17:00:00+00:00
2026-01-25 16:16:11 | INFO | [BTCUSDT] nuevas=1  rango=2026-01-25 18:00:00+00:00→2026-01-25 18:00:00+00:00
2026-01-25 16:16:11 | INFO | [XRPUSDT] nuevas=1  rango=2026-01-25 18:00:00+00:00→2026-01-25 18:00:00+00:00
2026-01-25 16:16:12 | INFO | [ETHUSDT] nuevas=1  rango=2026-01-25 18:00:00+00:00→2026-01-25 18:00:00+00:00
2026-01-25 16:16:12 | INFO | CSV actualizado: /home/mtumalan/Desktop/Repos/csvreader/data/results.csv | filas=3502 | rango=2025-09-01 01:00:00+00:00→2026-01-25 18:00:00+00:00
2026-01-25 16:16:13 | INFO | Push a origin/main completado.

=== RESULTADOS POR SÍMBOLO ===

[BTCUSDT]
  • /home/mtumalan/Desktop/Repos/MT/alquimiaBTC/third/data/preprocessed/BTCUSDT/X_1h.csv
  • /home/mtumalan/Desktop/Repos/MT/alquimiaBTC/third/data/preprocessed/BTCUSDT/y_color_1h.csv
  ── Distribución ──
  roja  (-1):   21485  ( 49.5 %)
  verde ( 1):   21957  ( 50.5 %)

[ETHUSDT]
  • /home/mtumalan/Desktop/Repos/MT/alquimiaBTC/third/data/preprocessed/ETHUSDT/X_1h.csv
  • /home/mtumalan/Desktop/Repos/MT/alquimiaBTC/third/data/preprocessed/ETHUSDT/y_color_1h.csv
  ── Distribución ──
  roja  (-1):   21435  ( 49.3 %)
  verde ( 1):   22007  ( 50.7 %)

[XRPUSDT]
  • /home/mtumalan/Desktop/Repos/MT/alquimiaBTC/third/data/preprocessed/XRPUSDT/X_1h.csv
  • /home/mtumalan/Desktop/Repos/MT/alquimiaBTC/third/data/preprocessed/XRPUSDT/y_color_1h.csv
  ── Distribución ──
  roja  (-1):   19773  ( 48.4 %)
  verde ( 1):   21040  ( 51.6 %)

=== RESUMEN GLOBAL ===
  Total filas: 127697
  roja  (-1):   62693  ( 49.1 %)
  verde ( 1):   65004  ( 50.9 %)
2026-01-25 17:03:01 | INFO | Iniciando runner…
2026-01-25 17:03:10 | INFO | results.csv filas=3502 | último=2026-01-25 18:00:00+00:00
2026-01-25 17:03:11 | INFO | [BTCUSDT] nuevas=1  rango=2026-01-25 19:00:00+00:00→2026-01-25 19:00:00+00:00
2026-01-25 17:03:11 | INFO | [XRPUSDT] nuevas=1  rango=2026-01-25 19:00:00+00:00→2026-01-25 19:00:00+00:00
2026-01-25 17:03:11 | INFO | [ETHUSDT] nuevas=1  rango=2026-01-25 19:00:00+00:00→2026-01-25 19:00:00+00:00
2026-01-25 17:03:11 | INFO | CSV actualizado: /home/mtumalan/Desktop/Repos/csvreader/data/results.csv | filas=3503 | rango=2025-09-01 01:00:00+00:00→2026-01-25 19:00:00+00:00
2026-01-25 17:03:13 | INFO | Push a origin/main completado.

=== RESULTADOS POR SÍMBOLO ===

[BTCUSDT]
  • /home/mtumalan/Desktop/Repos/MT/alquimiaBTC/third/data/preprocessed/BTCUSDT/X_1h.csv
  • /home/mtumalan/Desktop/Repos/MT/alquimiaBTC/third/data/preprocessed/BTCUSDT/y_color_1h.csv
  ── Distribución ──
  roja  (-1):   21485  ( 49.5 %)
  verde ( 1):   21958  ( 50.5 %)

[ETHUSDT]
  • /home/mtumalan/Desktop/Repos/MT/alquimiaBTC/third/data/preprocessed/ETHUSDT/X_1h.csv
  • /home/mtumalan/Desktop/Repos/MT/alquimiaBTC/third/data/preprocessed/ETHUSDT/y_color_1h.csv
  ── Distribución ──
  roja  (-1):   21436  ( 49.3 %)
  verde ( 1):   22007  ( 50.7 %)

[XRPUSDT]
  • /home/mtumalan/Desktop/Repos/MT/alquimiaBTC/third/data/preprocessed/XRPUSDT/X_1h.csv
  • /home/mtumalan/Desktop/Repos/MT/alquimiaBTC/third/data/preprocessed/XRPUSDT/y_color_1h.csv
  ── Distribución ──
  roja  (-1):   19773  ( 48.4 %)
  verde ( 1):   21041  ( 51.6 %)

=== RESUMEN GLOBAL ===
  Total filas: 127700
  roja  (-1):   62694  ( 49.1 %)
  verde ( 1):   65006  ( 50.9 %)
